<?xml version="1.0" encoding="UTF-8"?>
<!-- Generated by org.testng.reporters.JUnitXMLReporter -->
<testsuite hostname="DESKTOP-R8M5NJD" ignored="0" name="Test" tests="4" failures="0" timestamp="14 Nov 2018 00:37:57 GMT" time="109.576" errors="0">
  <testcase name="loadBaseURL" time="38.102" classname="Package.validateLogin"/>
  <testcase name="loadBaseURL" time="16.937" classname="Package.validateLogin"/>
  <testcase name="loadBaseURL" time="1.687" classname="Package.validateNavBar"/>
  <testcase name="loadBaseURL" time="1.702" classname="Package.validateTitle"/>
</testsuite> <!-- Test -->
