<?xml version="1.0" encoding="UTF-8"?>
<!-- Generated by org.testng.reporters.JUnitXMLReporter -->
<testsuite hostname="DESKTOP-R8M5NJD" ignored="0" name="Test Validating Title" tests="1" failures="1" timestamp="18 Dec 2018 23:24:36 GMT" time="19.771" errors="0">
  <testcase name="validateTitleTest" time="0.824" classname="testPackage.validateTitle">
    <failure type="java.lang.AssertionError" message="expected [FEATURED COURSES123] but found [FEATURED COURSES]">
      <![CDATA[java.lang.AssertionError: expected [FEATURED COURSES123] but found [FEATURED COURSES]
at testPackage.validateTitle.validateTitleTest(validateTitle.java:55)
... Removed 31 stack frames]]>
    </failure>
  </testcase> <!-- validateTitleTest -->
</testsuite> <!-- Test Validating Title -->
